1604982246233:add 100 200
1604993381359:printAll 小明 1000
1604993391039:add 10 10
1604993398496:printAll xiaoming 1000
1604993418275:printAll "iaoming" 1000
1604993479278:printAll
1604993484104:add
1604993499736:printAll
1604993505103:add
1604993511431:add --a
1604993516993:printAll
1604993544150:PrintAll
1604993548556:add
1604993600226:Add
1604993603912:add
1604993606992:printAll
1604993628518:add
1604993629853:add2
1604993652631:printAll
1604993671057:pAdd
1604993673927:padd
1604993754934:print
1604993760258:print xiaoming 100
